[2026-05-06T04:32:13.688279+00:00] launching RunPod gpu_type=NVIDIA GeForce RTX 4090 image=runpod/pytorch:2.4.0-py3.11-cuda12.4.1-devel-ubuntu22.04 storage_name=Peter
[2026-05-06T04:32:13.688534+00:00] state=PROVISIONING pod=None detail_keys=['name']
[2026-05-06T04:32:16.783919+00:00] state=PROVISIONING pod=r7jx4y1uu8y1mg detail_keys=['name', 'pod_details', 'ram_tier', 'storage_name', 'storage_volume_id']
[2026-05-06T04:32:16.784234+00:00] launched pod_id=r7jx4y1uu8y1mg ram_tier=72 storage=m6ccu1lodp
[2026-05-06T04:32:17.439523+00:00] state=PROVISIONING pod=r7jx4y1uu8y1mg detail_keys=['status']
[2026-05-06T04:32:17.439797+00:00] state=STARTING pod=r7jx4y1uu8y1mg detail_keys=['status']
[2026-05-06T04:32:35.788859+00:00] state=READY pod=r7jx4y1uu8y1mg detail_keys=['status']
[2026-05-06T04:32:36.349854+00:00] ready status={'runpod_id': 'r7jx4y1uu8y1mg', 'desired_status': 'RUNNING', 'actual_status': None, 'ip': None, 'ports': [{'ip': '100.65.14.129', 'isIpPublic': False, 'privatePort': 19123, 'publicPort': 60984, 'type': 'http'}, {'ip': '213.173.98.5', 'isIpPublic': True, 'privatePort': 22, 'publicPort': 13287, 'type': 'tcp'}, {'ip': '100.65.14.129', 'isIpPublic': False, 'privatePort': 8888, 'publicPort': 60983, 'type': 'http'}], 'ssh_password': None, 'created_at': None, 'last_status_change': 'Rented by User: Wed May 06 2026 04:32:16 GMT+0000 (Coordinated Universal Time)', 'uptime_seconds': 0, 'cost_per_hr': 0.69}
[2026-05-06T04:32:36.350226+00:00] remote_start label='mkdir' timeout=60
[2026-05-06T04:32:37.034183+00:00] remote_end label='mkdir' exit=0 stdout_tail='' stderr_tail=''
[2026-05-06T04:32:37.672615+00:00] uploading /tmp/reigh-worker-sprint35.tgz -> /workspace/sprint35-wgp-20260506T043213Z/reigh-worker-sprint35.tgz
[2026-05-06T04:32:44.779872+00:00] remote_start label='extract repo' timeout=900
[2026-05-06T04:34:12.242008+00:00] remote_end label='extract repo' exit=2 stdout_tail='' stderr_tail=' ./Wan2GP/plugins/wan2gp-downloads/__init__.py: Cannot change ownership to uid 501, gid 50: Operation not permitted\ntar: ./Wan2GP/plugins/wan2gp-downloads/plugin.py: Cannot change ownership to uid 501, gid 50: Operation not permitted\ntar: ./Wan2GP/plugins/wan2gp-plugin-manager/__init__.py: Cannot change ownership to uid 501, gid 50: Operation not permitted\ntar: ./Wan2GP/plugins/wan2gp-plugin-manager/plugin.py: Cannot change ownership to uid 501, gid 50: Operation not permitted\ntar: ./Wan2GP/plugins/wan2gp-guides/__init__.py: Cannot change ownership to uid 501, gid 50: Operation not permitted\ntar: ./Wan2GP/plugins/wan2gp-guides/plugin.py: Cannot change ownership to uid 501, gid 50: Operation not permitted\ntar: ./Wan2GP/plugins/wan2gp-sample/plugin_info.json: Cannot change ownership to uid 501, gid 50: Operation not permitted\ntar: ./Wan2GP/plugins/wan2gp-sample/__init__.py: Cannot change ownership to uid 501, gid 50: Operation not permitted\ntar: ./Wan2GP/plugins/wan2gp-sample/plugin.py: Cannot change ownership to uid 501, gid 50: Operation not permitted\ntar: .: Cannot change ownership to uid 501, gid 50: Operation not permitted\ntar: Exiting with failure status due to previous errors\n'
[2026-05-06T04:34:12.242791+00:00] FAILED RuntimeError: remote command failed (extract repo) exit=2
STDOUT:

STDERR:
an2GP/plugins/wan2gp-plugin-manager: Cannot change ownership to uid 501, gid 50: Operation not permitted
tar: ./Wan2GP/plugins/wan2gp-downloads: Cannot change ownership to uid 501, gid 50: Operation not permitted
tar: ./Wan2GP/plugins/wan2gp-video-mask-creator: Cannot change ownership to uid 501, gid 50: Operation not permitted
tar: ./Wan2GP/plugins/wan2gp-models-manager: Cannot change ownership to uid 501, gid 50: Operation not permitted
tar: ./Wan2GP/plugins/wan2gp-motion-designer: Cannot change ownership to uid 501, gid 50: Operation not permitted
tar: ./Wan2GP/plugins/wan2gp-configuration: Cannot change ownership to uid 501, gid 50: Operation not permitted
tar: ./Wan2GP/plugins/wan2gp-about/__init__.py: Cannot change ownership to uid 501, gid 50: Operation not permitted
tar: ./Wan2GP/plugins/wan2gp-about/plugin.py: Cannot change ownership to uid 501, gid 50: Operation not permitted
tar: ./Wan2GP/plugins/wan2gp-about: Cannot change ownership to uid 501, gid 50: Operation not permitted
tar: ./Wan2GP/plugins/wan2gp-configuration/__init__.py: Cannot change ownership to uid 501, gid 50: Operation not permitted
tar: ./Wan2GP/plugins/wan2gp-configuration/plugin.py: Cannot change ownership to uid 501, gid 50: Operation not permitted
tar: ./Wan2GP/plugins/wan2gp-motion-designer/__init__.py: Cannot change ownership to uid 501, gid 50: Operation not permitted
tar: ./Wan2GP/plugins/wan2gp-motion-designer/plugin.py: Cannot change ownership to uid 501, gid 50: Operation not permitted
tar: ./Wan2GP/plugins/wan2gp-motion-designer/assets/motion_designer_iframe_template.html: Cannot change ownership to uid 501, gid 50: Operation not permitted
tar: ./Wan2GP/plugins/wan2gp-motion-designer/assets/style.css: Cannot change ownership to uid 501, gid 50: Operation not permitted
tar: ./Wan2GP/plugins/wan2gp-motion-designer/assets/app.js: Cannot change ownership to uid 501, gid 50: Operation not permitted
tar: ./Wan2GP/plugins/wan2gp-motion-designer/assets: Cannot change ownership to uid 501, gid 50: Operation not permitted
tar: ./Wan2GP/plugins/wan2gp-models-manager/plugin_info.json: Cannot change ownership to uid 501, gid 50: Operation not permitted
tar: ./Wan2GP/plugins/wan2gp-models-manager/__init__.py: Cannot change ownership to uid 501, gid 50: Operation not permitted
tar: ./Wan2GP/plugins/wan2gp-models-manager/plugin.py: Cannot change ownership to uid 501, gid 50: Operation not permitted
tar: ./Wan2GP/plugins/wan2gp-video-mask-creator/__init__.py: Cannot change ownership to uid 501, gid 50: Operation not permitted
tar: ./Wan2GP/plugins/wan2gp-video-mask-creator/plugin.py: Cannot change ownership to uid 501, gid 50: Operation not permitted
tar: ./Wan2GP/plugins/wan2gp-downloads/plugin_info.json: Cannot change ownership to uid 501, gid 50: Operation not permitted
tar: ./Wan2GP/plugins/wan2gp-downloads/__init__.py: Cannot change ownership to uid 501, gid 50: Operation not permitted
tar: ./Wan2GP/plugins/wan2gp-downloads/plugin.py: Cannot change ownership to uid 501, gid 50: Operation not permitted
tar: ./Wan2GP/plugins/wan2gp-plugin-manager/__init__.py: Cannot change ownership to uid 501, gid 50: Operation not permitted
tar: ./Wan2GP/plugins/wan2gp-plugin-manager/plugin.py: Cannot change ownership to uid 501, gid 50: Operation not permitted
tar: ./Wan2GP/plugins/wan2gp-guides/__init__.py: Cannot change ownership to uid 501, gid 50: Operation not permitted
tar: ./Wan2GP/plugins/wan2gp-guides/plugin.py: Cannot change ownership to uid 501, gid 50: Operation not permitted
tar: ./Wan2GP/plugins/wan2gp-sample/plugin_info.json: Cannot change ownership to uid 501, gid 50: Operation not permitted
tar: ./Wan2GP/plugins/wan2gp-sample/__init__.py: Cannot change ownership to uid 501, gid 50: Operation not permitted
tar: ./Wan2GP/plugins/wan2gp-sample/plugin.py: Cannot change ownership to uid 501, gid 50: Operation not permitted
tar: .: Cannot change ownership to uid 501, gid 50: Operation not permitted
tar: Exiting with failure status due to previous errors

[2026-05-06T04:34:12.243668+00:00] terminating pod_id=r7jx4y1uu8y1mg
[2026-05-06T04:34:12.700207+00:00] state=TERMINATED pod=r7jx4y1uu8y1mg detail_keys=['pod_id']
[2026-05-06T04:34:12.700537+00:00] terminated pod_id=r7jx4y1uu8y1mg
